mode: set
cookly/business/categories/usecase.go:14.71,19.2 1 1
cookly/business/categories/usecase.go:21.86,22.31 1 1
cookly/business/categories/usecase.go:26.2,27.16 2 1
cookly/business/categories/usecase.go:31.2,31.12 1 1
cookly/business/categories/usecase.go:22.31,24.3 1 1
cookly/business/categories/usecase.go:27.16,29.3 1 0
cookly/business/categories/usecase.go:34.74,36.16 2 0
cookly/business/categories/usecase.go:40.2,40.20 1 0
cookly/business/categories/usecase.go:36.16,38.3 1 0
cookly/business/categories/usecase.go:43.94,45.16 2 1
cookly/business/categories/usecase.go:49.2,49.12 1 1
cookly/business/categories/usecase.go:45.16,47.3 1 0
cookly/business/products/usecase.go:13.70,18.2 1 1
cookly/business/products/usecase.go:20.85,22.16 2 1
cookly/business/products/usecase.go:26.2,26.12 1 1
cookly/business/products/usecase.go:22.16,24.3 1 0
cookly/business/products/usecase.go:29.73,31.16 2 0
cookly/business/products/usecase.go:35.2,35.20 1 0
cookly/business/products/usecase.go:31.16,33.3 1 0
cookly/business/products/usecase.go:38.93,40.16 2 1
cookly/business/products/usecase.go:44.2,44.12 1 1
cookly/business/products/usecase.go:40.16,42.3 1 0
cookly/business/recipes/usecase.go:13.69,18.2 1 1
cookly/business/recipes/usecase.go:20.93,22.16 2 1
cookly/business/recipes/usecase.go:26.2,26.20 1 1
cookly/business/recipes/usecase.go:22.16,24.3 1 0
cookly/business/recipes/usecase.go:29.83,31.16 2 1
cookly/business/recipes/usecase.go:35.2,35.20 1 1
cookly/business/recipes/usecase.go:31.16,33.3 1 1
cookly/business/recipes/usecase.go:38.73,40.16 2 1
cookly/business/recipes/usecase.go:44.2,44.20 1 1
cookly/business/recipes/usecase.go:40.16,42.3 1 1
cookly/business/recipes/usecase.go:47.94,49.16 2 0
cookly/business/recipes/usecase.go:53.2,54.16 2 0
cookly/business/recipes/usecase.go:58.2,58.21 1 0
cookly/business/recipes/usecase.go:49.16,51.3 1 0
cookly/business/recipes/usecase.go:54.16,56.3 1 0
cookly/business/reviews/usecase.go:15.94,21.2 1 1
cookly/business/reviews/usecase.go:23.94,26.16 2 1
cookly/business/reviews/usecase.go:31.2,32.16 2 1
cookly/business/reviews/usecase.go:37.2,41.16 4 1
cookly/business/reviews/usecase.go:45.2,46.16 2 1
cookly/business/reviews/usecase.go:50.2,50.20 1 1
cookly/business/reviews/usecase.go:26.16,28.3 1 0
cookly/business/reviews/usecase.go:32.16,34.3 1 0
cookly/business/reviews/usecase.go:41.16,43.3 1 0
cookly/business/reviews/usecase.go:46.16,48.3 1 0
cookly/business/reviews/usecase.go:53.102,55.16 2 0
cookly/business/reviews/usecase.go:59.2,59.20 1 0
cookly/business/reviews/usecase.go:55.16,57.3 1 0
