mode: set
cookly/business/categories/usecase.go:14.71,19.2 1 1
cookly/business/categories/usecase.go:21.86,22.31 1 1
cookly/business/categories/usecase.go:26.2,27.16 2 1
cookly/business/categories/usecase.go:31.2,31.12 1 1
cookly/business/categories/usecase.go:22.31,24.3 1 1
cookly/business/categories/usecase.go:27.16,29.3 1 0
cookly/business/categories/usecase.go:34.74,36.16 2 1
cookly/business/categories/usecase.go:40.2,40.20 1 1
cookly/business/categories/usecase.go:36.16,38.3 1 1
cookly/business/categories/usecase.go:43.94,45.16 2 1
cookly/business/categories/usecase.go:49.2,49.12 1 1
cookly/business/categories/usecase.go:45.16,47.3 1 1
cookly/business/products/usecase.go:13.70,18.2 1 1
cookly/business/products/usecase.go:20.85,22.16 2 1
cookly/business/products/usecase.go:26.2,26.12 1 1
cookly/business/products/usecase.go:22.16,24.3 1 1
cookly/business/products/usecase.go:29.73,31.16 2 1
cookly/business/products/usecase.go:35.2,35.20 1 1
cookly/business/products/usecase.go:31.16,33.3 1 1
cookly/business/products/usecase.go:38.93,40.16 2 1
cookly/business/products/usecase.go:44.2,44.12 1 1
cookly/business/products/usecase.go:40.16,42.3 1 0
cookly/business/recipes/usecase.go:13.69,18.2 1 1
cookly/business/recipes/usecase.go:20.93,22.16 2 1
cookly/business/recipes/usecase.go:26.2,26.20 1 1
cookly/business/recipes/usecase.go:22.16,24.3 1 0
cookly/business/recipes/usecase.go:29.83,31.16 2 1
cookly/business/recipes/usecase.go:35.2,35.20 1 1
cookly/business/recipes/usecase.go:31.16,33.3 1 1
cookly/business/recipes/usecase.go:38.73,40.16 2 1
cookly/business/recipes/usecase.go:44.2,44.20 1 1
cookly/business/recipes/usecase.go:40.16,42.3 1 1
cookly/business/recipes/usecase.go:47.94,49.16 2 1
cookly/business/recipes/usecase.go:53.2,54.16 2 1
cookly/business/recipes/usecase.go:58.2,58.21 1 1
cookly/business/recipes/usecase.go:49.16,51.3 1 1
cookly/business/recipes/usecase.go:54.16,56.3 1 0
cookly/business/recipes/usecase.go:61.87,63.16 2 1
cookly/business/recipes/usecase.go:67.2,67.20 1 1
cookly/business/recipes/usecase.go:63.16,65.3 1 1
cookly/business/reviews/usecase.go:16.94,22.2 1 1
cookly/business/reviews/usecase.go:24.94,27.16 2 1
cookly/business/reviews/usecase.go:32.2,33.16 2 1
cookly/business/reviews/usecase.go:38.2,42.16 4 1
cookly/business/reviews/usecase.go:46.2,47.16 2 1
cookly/business/reviews/usecase.go:51.2,51.20 1 1
cookly/business/reviews/usecase.go:27.16,29.3 1 1
cookly/business/reviews/usecase.go:33.16,35.3 1 1
cookly/business/reviews/usecase.go:42.16,44.3 1 0
cookly/business/reviews/usecase.go:47.16,49.3 1 0
cookly/business/reviews/usecase.go:54.102,56.16 2 1
cookly/business/reviews/usecase.go:60.2,60.20 1 1
cookly/business/reviews/usecase.go:56.16,58.3 1 1
cookly/business/users/usecase.go:17.100,23.2 1 1
cookly/business/users/usecase.go:25.98,27.16 2 1
cookly/business/users/usecase.go:31.2,31.59 1 1
cookly/business/users/usecase.go:35.2,36.23 2 1
cookly/business/users/usecase.go:27.16,29.3 1 1
cookly/business/users/usecase.go:31.59,33.3 1 1
cookly/business/users/usecase.go:39.80,40.31 1 1
cookly/business/users/usecase.go:44.2,46.16 3 1
cookly/business/users/usecase.go:50.2,51.16 2 1
cookly/business/users/usecase.go:55.2,55.12 1 1
cookly/business/users/usecase.go:40.31,42.3 1 1
cookly/business/users/usecase.go:46.16,48.3 1 0
cookly/business/users/usecase.go:51.16,53.3 1 0
cookly/business/users/usecase.go:58.81,60.16 2 1
cookly/business/users/usecase.go:64.2,64.20 1 1
cookly/business/users/usecase.go:60.16,62.3 1 1
