mode: set
cookly/business/categories/usecase.go:14.71,19.2 1 1
cookly/business/categories/usecase.go:21.86,22.31 1 1
cookly/business/categories/usecase.go:26.2,27.16 2 1
cookly/business/categories/usecase.go:31.2,31.12 1 1
cookly/business/categories/usecase.go:22.31,24.3 1 1
cookly/business/categories/usecase.go:27.16,29.3 1 0
cookly/business/categories/usecase.go:34.74,36.16 2 0
cookly/business/categories/usecase.go:40.2,40.20 1 0
cookly/business/categories/usecase.go:36.16,38.3 1 0
cookly/business/categories/usecase.go:43.94,45.16 2 1
cookly/business/categories/usecase.go:49.2,49.12 1 1
cookly/business/categories/usecase.go:45.16,47.3 1 0
